<?xml version="1.0" encoding="UTF-8"?>
<!-- Generated by org.testng.reporters.JUnitReportReporter -->
<testsuite hostname="LAPTOP-E6TB5HPA" failures="0" tests="4" name="tests.EmailFriendTest" time="15.780" errors="0" timestamp="2022-01-31T01:02:45 EET" skipped="0">
  <testcase classname="tests.EmailFriendTest" name="UserCanRegisterSuccessfully" time="4.877"/>
  <system-out/>
  <testcase classname="tests.EmailFriendTest" name="autocomplete" time="4.778"/>
  <system-out/>
  <testcase classname="tests.EmailFriendTest" name="RegisteredUserCanSendEmailToFriend" time="2.855"/>
  <system-out/>
  <testcase classname="tests.EmailFriendTest" name="RegisteredUserCanLogout" time="3.270"/>
  <system-out/>
</testsuite> <!-- tests.EmailFriendTest -->
