<?xml version="1.0" encoding="UTF-8"?>
<!-- Generated by org.testng.reporters.JUnitReportReporter -->
<testsuite hostname="LAPTOP-E6TB5HPA" failures="0" tests="2" name="runner.TestRunner" time="11.784" errors="0" timestamp="2022-02-01T02:59:10 EET" skipped="0">
  <testcase classname="runner.TestRunner" name="runScenario" time="5.610"/>
  <system-out/>
  <testcase classname="runner.TestRunner" name="runScenario" time="6.174"/>
  <system-out/>
</testsuite> <!-- runner.TestRunner -->
