<?xml version="1.0" encoding="UTF-8"?>
<!-- Generated by org.testng.reporters.JUnitReportReporter -->
<testsuite hostname="LAPTOP-E6TB5HPA" failures="0" tests="4" name="tests.EmailFriendTest" time="8.232" errors="0" timestamp="2022-05-11T16:22:47 EET" skipped="0">
  <testcase classname="tests.EmailFriendTest" name="UserCanRegisterSuccessfully" time="2.170"/>
  <system-out/>
  <testcase classname="tests.EmailFriendTest" name="autocomplete" time="2.106"/>
  <system-out/>
  <testcase classname="tests.EmailFriendTest" name="RegisteredUserCanSendEmailToFriend" time="1.825"/>
  <system-out/>
  <testcase classname="tests.EmailFriendTest" name="RegisteredUserCanLogout" time="2.131"/>
  <system-out/>
</testsuite> <!-- tests.EmailFriendTest -->
