<?xml version="1.0" encoding="UTF-8"?>
<!-- Generated by org.testng.reporters.JUnitReportReporter -->
<testsuite hostname="LAPTOP-E6TB5HPA" failures="0" tests="1" name="tests.SearchProdutUsingAutoSuggistion" time="4.311" errors="0" timestamp="2022-01-31T01:02:45 EET" skipped="0">
  <testcase classname="tests.SearchProdutUsingAutoSuggistion" name="autocomplete" time="4.311"/>
  <system-out/>
</testsuite> <!-- tests.SearchProdutUsingAutoSuggistion -->
