<?xml version="1.0" encoding="UTF-8"?>
<!-- Generated by org.testng.reporters.JUnitReportReporter -->
<testsuite hostname="LAPTOP-E6TB5HPA" failures="0" tests="4" name="tests.UserRegisteration" time="6.987" errors="0" timestamp="2022-05-11T16:22:47 EET" skipped="0">
  <testcase classname="tests.UserRegisteration" name="UserCanRegisterSuccessfully" time="2.834"/>
  <system-out/>
  <testcase classname="tests.UserRegisteration" name="RegisteredUserCanLogout" time="1.019"/>
  <system-out/>
  <testcase classname="tests.UserRegisteration" name="RegisteredUserCanLogin" time="2.119"/>
  <system-out/>
  <testcase classname="tests.UserRegisteration" name="RegisteredUserCanLogout2" time="1.015"/>
  <system-out/>
</testsuite> <!-- tests.UserRegisteration -->
