<?xml version="1.0" encoding="UTF-8"?>
<!-- Generated by org.testng.reporters.JUnitReportReporter -->
<testsuite hostname="LAPTOP-E6TB5HPA" failures="0" tests="1" name="tests.UserRegisterationWithDDTAndCSV" time="33.122" errors="0" timestamp="2022-01-30T11:55:44 EET" skipped="0">
  <testcase classname="tests.UserRegisterationWithDDTAndCSV" name="UserCanRegisterSuccessfully" time="33.122"/>
  <system-out/>
</testsuite> <!-- tests.UserRegisterationWithDDTAndCSV -->
