<?xml version="1.0" encoding="UTF-8"?>
<!-- Generated by org.testng.reporters.JUnitReportReporter -->
<testsuite hostname="LAPTOP-E6TB5HPA" failures="0" tests="1" name="tests.UserRegisterationWithDDTAndJavaFaker" time="16.199" errors="0" timestamp="2022-01-31T07:35:29 EET" skipped="0">
  <testcase classname="tests.UserRegisterationWithDDTAndJavaFaker" name="UserCanRegisterSuccessfully" time="16.199"/>
  <system-out/>
</testsuite> <!-- tests.UserRegisterationWithDDTAndJavaFaker -->
