<?xml version="1.0" encoding="UTF-8"?>
<!-- Generated by org.testng.reporters.JUnitReportReporter -->
<testsuite hostname="LAPTOP-E6TB5HPA" failures="0" tests="1" name="tests.ProductHoverMenuTest" time="1.455" errors="0" timestamp="2022-05-11T16:22:47 EET" skipped="0">
  <testcase classname="tests.ProductHoverMenuTest" name="UserCanSelectSubCategoryFromMainMenu" time="1.455"/>
  <system-out/>
</testsuite> <!-- tests.ProductHoverMenuTest -->
