<?xml version="1.0" encoding="UTF-8"?>
<!-- Generated by org.testng.reporters.JUnitReportReporter -->
<testsuite hostname="LAPTOP-E6TB5HPA" failures="0" tests="1" name="tests.ContactUsTest" time="4.185" errors="0" timestamp="2022-01-31T01:02:45 EET" skipped="0">
  <testcase classname="tests.ContactUsTest" name="contactUs" time="4.185"/>
  <system-out/>
</testsuite> <!-- tests.ContactUsTest -->
