<?xml version="1.0" encoding="UTF-8"?>
<!-- Generated by org.testng.reporters.JUnitReportReporter -->
<testsuite hostname="LAPTOP-E6TB5HPA" failures="0" tests="3" name="tests.UserRegisterationWithDDTAndExcel" time="30.542" errors="0" timestamp="2022-01-30T09:51:41 EET" skipped="0">
  <testcase classname="tests.UserRegisterationWithDDTAndExcel" name="UserCanRegisterSuccessfully" time="8.098"/>
  <system-out/>
  <testcase classname="tests.UserRegisterationWithDDTAndExcel" name="UserCanRegisterSuccessfully" time="12.936"/>
  <system-out/>
  <testcase classname="tests.UserRegisterationWithDDTAndExcel" name="UserCanRegisterSuccessfully" time="9.508"/>
  <system-out/>
</testsuite> <!-- tests.UserRegisterationWithDDTAndExcel -->
