<?xml version="1.0" encoding="UTF-8"?>
<!-- Generated by org.testng.reporters.JUnitReportReporter -->
<testsuite hostname="LAPTOP-E6TB5HPA" failures="0" tests="4" name="tests.MyAccountTest" time="9.756" errors="0" timestamp="2022-05-11T16:22:47 EET" skipped="0">
  <testcase classname="tests.MyAccountTest" name="UserCanRegisterSuccessfully" time="2.135"/>
  <system-out/>
  <testcase classname="tests.MyAccountTest" name="RegisteredUserCanChangePassword" time="4.836"/>
  <system-out/>
  <testcase classname="tests.MyAccountTest" name="RegisteredUserCanLogout" time="0.990"/>
  <system-out/>
  <testcase classname="tests.MyAccountTest" name="RegisteredUserCanLogin" time="1.795"/>
  <system-out/>
</testsuite> <!-- tests.MyAccountTest -->
