<?xml version="1.0" encoding="UTF-8"?>
<!-- Generated by org.testng.reporters.JUnitReportReporter -->
<testsuite hostname="LAPTOP-E6TB5HPA" failures="0" tests="1" name="tests.UserRegisterationWithDDTAndJson" time="14.306" errors="0" timestamp="2022-01-30T13:44:46 EET" skipped="0">
  <testcase classname="tests.UserRegisterationWithDDTAndJson" name="UserCanRegisterSuccessfully" time="14.306"/>
  <system-out/>
</testsuite> <!-- tests.UserRegisterationWithDDTAndJson -->
