<?xml version="1.0" encoding="UTF-8"?>
<!-- Generated by org.testng.reporters.JUnitReportReporter -->
<testsuite hostname="LAPTOP-E6TB5HPA" failures="0" tests="3" name="tests.UserRegisterationWithDDTAndExcel" time="20.864" errors="0" timestamp="2022-03-25T17:20:58 EET" skipped="0">
  <testcase classname="tests.UserRegisterationWithDDTAndExcel" name="UserCanRegisterSuccessfully" time="7.158"/>
  <system-out/>
  <testcase classname="tests.UserRegisterationWithDDTAndExcel" name="UserCanRegisterSuccessfully" time="6.945"/>
  <system-out/>
  <testcase classname="tests.UserRegisterationWithDDTAndExcel" name="UserCanRegisterSuccessfully" time="6.761"/>
  <system-out/>
</testsuite> <!-- tests.UserRegisterationWithDDTAndExcel -->
