<?xml version="1.0" encoding="UTF-8"?>
<!-- Generated by org.testng.reporters.JUnitReportReporter -->
<testsuite hostname="LAPTOP-E6TB5HPA" failures="0" tests="1" name="tests.SearchProductTest" time="2.073" errors="0" timestamp="2022-05-11T16:22:47 EET" skipped="0">
  <testcase classname="tests.SearchProductTest" name="UserCanSearchForProducts" time="2.073"/>
  <system-out/>
</testsuite> <!-- tests.SearchProductTest -->
