<?xml version="1.0" encoding="UTF-8"?>
<!-- Generated by org.testng.reporters.JUnitReportReporter -->
<testsuite hostname="LAPTOP-E6TB5HPA" failures="0" tests="4" name="tests.UserRegisteration" time="14.193" errors="0" timestamp="2022-01-31T01:02:45 EET" skipped="0">
  <testcase classname="tests.UserRegisteration" name="UserCanRegisterSuccessfully" time="6.292"/>
  <system-out/>
  <testcase classname="tests.UserRegisteration" name="RegisteredUserCanLogout" time="1.033"/>
  <system-out/>
  <testcase classname="tests.UserRegisteration" name="RegisteredUserCanLogin" time="3.182"/>
  <system-out/>
  <testcase classname="tests.UserRegisteration" name="RegisteredUserCanLogout2" time="3.686"/>
  <system-out/>
</testsuite> <!-- tests.UserRegisteration -->
